<?xml version="1.0" encoding="UTF-8"?>
<!-- Generated by org.testng.reporters.JUnitReportReporter -->
<testsuite hostname="G156LTRV" failures="0" tests="7" name="cucumberOptions.TestNGRunner" time="0.153" errors="0" timestamp="2024-06-24T12:49:33 IST" skipped="0">
  <testcase classname="cucumberOptions.TestNGRunner" name="runScenario" time="0.011"/>
  <testcase classname="cucumberOptions.TestNGRunner" name="runScenario" time="0.015"/>
  <testcase classname="cucumberOptions.TestNGRunner" name="runScenario" time="0.009"/>
  <testcase classname="cucumberOptions.TestNGRunner" name="runScenario" time="0.022"/>
  <testcase classname="cucumberOptions.TestNGRunner" name="runScenario" time="0.010"/>
  <testcase classname="cucumberOptions.TestNGRunner" name="runScenario" time="0.076"/>
  <testcase classname="cucumberOptions.TestNGRunner" name="runScenario" time="0.010"/>
</testsuite> <!-- cucumberOptions.TestNGRunner -->
