<?xml version="1.0" encoding="UTF-8"?>
<!-- Generated by org.testng.reporters.JUnitReportReporter -->
<testsuite hostname="G156LTRV" failures="0" tests="5" name="Demo.runner.TestRunner" time="0.028" errors="0" timestamp="2024-06-24T12:49:33 IST" skipped="0">
  <testcase classname="Demo.runner.TestRunner" name="runScenario" time="0.006"/>
  <testcase classname="Demo.runner.TestRunner" name="runScenario" time="0.010"/>
  <testcase classname="Demo.runner.TestRunner" name="runScenario" time="0.003"/>
  <testcase classname="Demo.runner.TestRunner" name="runScenario" time="0.005"/>
  <testcase classname="Demo.runner.TestRunner" name="runScenario" time="0.004"/>
</testsuite> <!-- Demo.runner.TestRunner -->
